2023-12-02 15:34:32 INFO  Log4j:105 - Đăng Nhập Thành Công| MaNV: B002  Vai Trò: Trưởng Phòng
2023-12-02 15:49:42 INFO  Log4j:105 - Đăng Nhập Thành Công| MaNV: B002  Vai Trò: Trưởng Phòng
2023-12-03 21:51:46 INFO  Log4j:105 - Đăng Nhập Thành Công| MaNV: B002  Vai Trò: Trưởng Phòng
2023-12-03 22:47:43 INFO  Log4j:105 - Đăng Nhập Thành Công| MaNV: B002  Vai Trò: Trưởng Phòng
2023-12-03 23:41:05 INFO  Log4j:105 - Đăng Nhập Thành Công| MaNV: B002  Vai Trò: Trưởng Phòng
2023-12-03 23:45:10 INFO  Log4j:105 - Đăng Nhập Thành Công| MaNV: B002  Vai Trò: Trưởng Phòng
2023-12-03 23:46:34 INFO  Log4j:105 - Đăng Nhập Thành Công| MaNV: B002  Vai Trò: Trưởng Phòng
2023-12-03 23:56:47 INFO  Log4j:105 - Đăng Nhập Thành Công| MaNV: B002  Vai Trò: Trưởng Phòng
2023-12-03 23:57:42 INFO  Log4j:105 - Đăng Nhập Thành Công| MaNV: B002  Vai Trò: Trưởng Phòng
2023-12-04 00:00:49 INFO  Log4j:105 - Đăng Nhập Thành Công| MaNV: B002  Vai Trò: Trưởng Phòng
2023-12-04 00:08:45 INFO  Log4j:105 - Đăng Nhập Thành Công| MaNV: B002  Vai Trò: Trưởng Phòng
2023-12-04 00:24:36 INFO  Log4j:105 - Đăng Nhập Thành Công| MaNV: B002  Vai Trò: Trưởng Phòng
2023-12-04 00:25:23 INFO  Log4j:105 - Đăng Nhập Thành Công| MaNV: B002  Vai Trò: Trưởng Phòng
2023-12-05 14:30:17 INFO  Log4j:105 - Đăng Nhập Thành Công| MaNV: B002  Vai Trò: Trưởng Phòng
2023-12-05 14:38:11 INFO  Log4j:105 - Đăng Nhập Thành Công| MaNV: B002  Vai Trò: Trưởng Phòng
2023-12-05 14:52:50 INFO  Log4j:105 - Đăng Nhập Thành Công| MaNV: B002  Vai Trò: Trưởng Phòng
2023-12-05 14:57:16 INFO  Log4j:105 - Đăng Nhập Thành Công| MaNV: B002  Vai Trò: Trưởng Phòng
2023-12-05 15:08:00 INFO  Log4j:105 - Đăng Nhập Thành Công| MaNV: B002  Vai Trò: Trưởng Phòng
2023-12-05 15:09:55 INFO  Log4j:105 - Đăng Nhập Thành Công| MaNV: B002  Vai Trò: Trưởng Phòng
2023-12-05 15:11:13 INFO  Log4j:105 - Đăng Nhập Thành Công| MaNV: B002  Vai Trò: Trưởng Phòng
2023-12-05 15:14:22 INFO  Log4j:105 - Đăng Nhập Thành Công| MaNV: B002  Vai Trò: Trưởng Phòng
2023-12-05 15:14:35 INFO  Log4j:996 - Đã Sửa Phòng101 Thành Công
2023-12-05 15:15:54 INFO  Log4j:105 - Đăng Nhập Thành Công| MaNV: B002  Vai Trò: Trưởng Phòng
2023-12-05 15:20:10 INFO  Log4j:105 - Đăng Nhập Thành Công| MaNV: B002  Vai Trò: Trưởng Phòng
2023-12-05 15:28:18 INFO  Log4j:105 - Đăng Nhập Thành Công| MaNV: B002  Vai Trò: Trưởng Phòng
2023-12-05 15:28:38 INFO  Log4j:996 - Đã Sửa Phòng101 Thành Công
2023-12-05 15:32:14 INFO  Log4j:105 - Đăng Nhập Thành Công| MaNV: B002  Vai Trò: Trưởng Phòng
2023-12-05 15:49:10 INFO  Log4j:105 - Đăng Nhập Thành Công| MaNV: B002  Vai Trò: Trưởng Phòng
2023-12-05 15:53:45 INFO  Log4j:105 - Đăng Nhập Thành Công| MaNV: B002  Vai Trò: Trưởng Phòng
2023-12-05 15:55:46 INFO  Log4j:105 - Đăng Nhập Thành Công| MaNV: B002  Vai Trò: Trưởng Phòng
2023-12-05 15:59:05 INFO  Log4j:105 - Đăng Nhập Thành Công| MaNV: B002  Vai Trò: Trưởng Phòng
2023-12-05 16:02:10 INFO  Log4j:105 - Đăng Nhập Thành Công| MaNV: B002  Vai Trò: Trưởng Phòng
2023-12-07 14:22:24 INFO  Log4j:105 - Đăng Nhập Thành Công| MaNV: B002  Vai Trò: Trưởng Phòng
2023-12-07 14:26:57 INFO  Log4j:105 - Đăng Nhập Thành Công| MaNV: B002  Vai Trò: Trưởng Phòng
2023-12-07 14:35:18 INFO  Log4j:105 - Đăng Nhập Thành Công| MaNV: B002  Vai Trò: Trưởng Phòng
2023-12-08 14:23:33 INFO  Log4j:105 - Đăng Nhập Thành Công| MaNV: B002  Vai Trò: Trưởng Phòng
2023-12-08 14:27:48 INFO  Log4j:105 - Đăng Nhập Thành Công| MaNV: B002  Vai Trò: Trưởng Phòng
2023-12-08 14:29:21 INFO  Log4j:105 - Đăng Nhập Thành Công| MaNV: B002  Vai Trò: Trưởng Phòng
2023-12-08 14:37:44 INFO  Log4j:105 - Đăng Nhập Thành Công| MaNV: B002  Vai Trò: Trưởng Phòng
2023-12-08 14:39:47 INFO  Log4j:105 - Đăng Nhập Thành Công| MaNV: B002  Vai Trò: Trưởng Phòng
2023-12-08 14:49:28 INFO  Log4j:105 - Đăng Nhập Thành Công| MaNV: B002  Vai Trò: Trưởng Phòng
2023-12-08 14:53:31 INFO  Log4j:105 - Đăng Nhập Thành Công| MaNV: B002  Vai Trò: Trưởng Phòng
2023-12-08 14:55:06 INFO  Log4j:105 - Đăng Nhập Thành Công| MaNV: B002  Vai Trò: Trưởng Phòng
2023-12-08 14:56:27 INFO  Log4j:105 - Đăng Nhập Thành Công| MaNV: B002  Vai Trò: Trưởng Phòng
2023-12-08 14:57:25 INFO  Log4j:105 - Đăng Nhập Thành Công| MaNV: B002  Vai Trò: Trưởng Phòng
2023-12-08 14:59:52 INFO  Log4j:854 - Đã Đặt Phòng105 Thành Công
2023-12-08 15:00:48 INFO  Log4j:105 - Đăng Nhập Thành Công| MaNV: B002  Vai Trò: Trưởng Phòng
2023-12-08 15:01:43 INFO  Log4j:999 - Đã Sửa Phòng105 Thành Công
2023-12-08 15:05:06 INFO  Log4j:105 - Đăng Nhập Thành Công| MaNV: B002  Vai Trò: Trưởng Phòng
2023-12-08 15:06:47 INFO  Log4j:854 - Đã Đặt Phòng101 Thành Công
2023-12-08 15:09:45 INFO  Log4j:1000 - Đã Sửa Phòng101 Thành Công
2023-12-08 15:10:58 INFO  Log4j:105 - Đăng Nhập Thành Công| MaNV: B002  Vai Trò: Trưởng Phòng
2023-12-08 15:32:10 INFO  Log4j:105 - Đăng Nhập Thành Công| MaNV: B002  Vai Trò: Trưởng Phòng
2023-12-08 15:37:20 INFO  Log4j:105 - Đăng Nhập Thành Công| MaNV: B002  Vai Trò: Trưởng Phòng
2023-12-08 15:58:51 INFO  Log4j:105 - Đăng Nhập Thành Công| MaNV: B002  Vai Trò: Trưởng Phòng
2023-12-08 15:59:52 INFO  Log4j:854 - Đã Đặt Phòng102 Thành Công
2023-12-08 16:04:11 INFO  Log4j:105 - Đăng Nhập Thành Công| MaNV: B002  Vai Trò: Trưởng Phòng
2023-12-08 16:05:33 INFO  Log4j:105 - Đăng Nhập Thành Công| MaNV: B002  Vai Trò: Trưởng Phòng
2023-12-08 16:07:32 INFO  Log4j:105 - Đăng Nhập Thành Công| MaNV: B002  Vai Trò: Trưởng Phòng
2023-12-08 16:07:55 INFO  Log4j:105 - Đăng Nhập Thành Công| MaNV: B002  Vai Trò: Trưởng Phòng
2023-12-08 16:10:41 INFO  Log4j:105 - Đăng Nhập Thành Công| MaNV: B002  Vai Trò: Trưởng Phòng
2023-12-08 16:11:39 INFO  Log4j:105 - Đăng Nhập Thành Công| MaNV: B002  Vai Trò: Trưởng Phòng
2023-12-08 16:13:39 INFO  Log4j:105 - Đăng Nhập Thành Công| MaNV: B002  Vai Trò: Trưởng Phòng
2023-12-08 16:14:30 INFO  Log4j:105 - Đăng Nhập Thành Công| MaNV: B002  Vai Trò: Trưởng Phòng
2023-12-08 16:17:07 INFO  Log4j:105 - Đăng Nhập Thành Công| MaNV: B002  Vai Trò: Trưởng Phòng
2023-12-08 16:19:39 INFO  Log4j:105 - Đăng Nhập Thành Công| MaNV: B002  Vai Trò: Trưởng Phòng
2023-12-08 16:21:07 INFO  Log4j:854 - Đã Đặt Phòng102 Thành Công
2023-12-08 16:22:05 INFO  Log4j:1000 - Đã Sửa Phòng102 Thành Công
2023-12-08 16:28:53 INFO  Log4j:105 - Đăng Nhập Thành Công| MaNV: B002  Vai Trò: Trưởng Phòng
2023-12-08 16:30:33 INFO  Log4j:105 - Đăng Nhập Thành Công| MaNV: B002  Vai Trò: Trưởng Phòng
2023-12-08 16:31:46 INFO  Log4j:105 - Đăng Nhập Thành Công| MaNV: B002  Vai Trò: Trưởng Phòng
2023-12-08 16:32:58 INFO  Log4j:105 - Đăng Nhập Thành Công| MaNV: B002  Vai Trò: Trưởng Phòng
2023-12-08 16:34:36 INFO  Log4j:105 - Đăng Nhập Thành Công| MaNV: B002  Vai Trò: Trưởng Phòng
2023-12-08 16:35:50 INFO  Log4j:105 - Đăng Nhập Thành Công| MaNV: B002  Vai Trò: Trưởng Phòng
2023-12-08 16:36:37 INFO  Log4j:105 - Đăng Nhập Thành Công| MaNV: B002  Vai Trò: Trưởng Phòng
2023-12-08 16:58:31 INFO  Log4j:105 - Đăng Nhập Thành Công| MaNV: B002  Vai Trò: Trưởng Phòng
2023-12-08 16:59:30 INFO  Log4j:854 - Đã Đặt Phòng104 Thành Công
2023-12-08 17:13:13 INFO  Log4j:105 - Đăng Nhập Thành Công| MaNV: B002  Vai Trò: Trưởng Phòng
2023-12-08 17:13:50 INFO  Log4j:105 - Đăng Nhập Thành Công| MaNV: B002  Vai Trò: Trưởng Phòng
2023-12-08 17:19:27 INFO  Log4j:105 - Đăng Nhập Thành Công| MaNV: B002  Vai Trò: Trưởng Phòng
2023-12-08 17:21:54 INFO  Log4j:105 - Đăng Nhập Thành Công| MaNV: B002  Vai Trò: Trưởng Phòng
2023-12-08 17:22:59 INFO  Log4j:854 - Đã Đặt Phòng103 Thành Công
2023-12-08 17:24:55 INFO  Log4j:105 - Đăng Nhập Thành Công| MaNV: B002  Vai Trò: Trưởng Phòng
2023-12-08 17:25:47 INFO  Log4j:854 - Đã Đặt Phòng109 Thành Công
2023-12-08 17:28:18 INFO  Log4j:105 - Đăng Nhập Thành Công| MaNV: B002  Vai Trò: Trưởng Phòng
2023-12-08 17:33:11 INFO  Log4j:105 - Đăng Nhập Thành Công| MaNV: B002  Vai Trò: Trưởng Phòng
2023-12-08 17:34:32 INFO  Log4j:105 - Đăng Nhập Thành Công| MaNV: B002  Vai Trò: Trưởng Phòng
2023-12-08 17:36:06 INFO  Log4j:105 - Đăng Nhập Thành Công| MaNV: B002  Vai Trò: Trưởng Phòng
2023-12-08 17:37:51 INFO  Log4j:105 - Đăng Nhập Thành Công| MaNV: B002  Vai Trò: Trưởng Phòng
2023-12-08 17:39:03 INFO  Log4j:105 - Đăng Nhập Thành Công| MaNV: B002  Vai Trò: Trưởng Phòng
2023-12-08 17:40:35 INFO  Log4j:105 - Đăng Nhập Thành Công| MaNV: B002  Vai Trò: Trưởng Phòng
2023-12-08 17:41:42 INFO  Log4j:105 - Đăng Nhập Thành Công| MaNV: B002  Vai Trò: Trưởng Phòng
2023-12-08 17:42:52 INFO  Log4j:105 - Đăng Nhập Thành Công| MaNV: B002  Vai Trò: Trưởng Phòng
2023-12-08 17:52:46 INFO  Log4j:105 - Đăng Nhập Thành Công| MaNV: B002  Vai Trò: Trưởng Phòng
2023-12-08 19:07:08 INFO  Log4j:105 - Đăng Nhập Thành Công| MaNV: B002  Vai Trò: Trưởng Phòng
2023-12-08 19:09:49 INFO  Log4j:854 - Đã Đặt Phòng103 Thành Công
2023-12-08 19:11:22 INFO  Log4j:854 - Đã Đặt Phòng109 Thành Công
2023-12-08 19:14:03 INFO  Log4j:105 - Đăng Nhập Thành Công| MaNV: B002  Vai Trò: Trưởng Phòng
2023-12-08 19:16:18 INFO  Log4j:105 - Đăng Nhập Thành Công| MaNV: B002  Vai Trò: Trưởng Phòng
2023-12-08 19:18:58 INFO  Log4j:854 - Đã Đặt Phòng108 Thành Công
2023-12-08 19:33:59 INFO  Log4j:105 - Đăng Nhập Thành Công| MaNV: B002  Vai Trò: Trưởng Phòng
2023-12-08 19:37:45 INFO  Log4j:854 - Đã Đặt Phòng107 Thành Công
2023-12-09 00:09:12 INFO  Log4j:105 - Đăng Nhập Thành Công| MaNV: B002  Vai Trò: Trưởng Phòng
2023-12-09 00:11:00 INFO  Log4j:105 - Đăng Nhập Thành Công| MaNV: B002  Vai Trò: Trưởng Phòng
2023-12-09 00:31:00 INFO  Log4j:105 - Đăng Nhập Thành Công| MaNV: B002  Vai Trò: Trưởng Phòng
2023-12-09 00:33:32 INFO  Log4j:105 - Đăng Nhập Thành Công| MaNV: B002  Vai Trò: Trưởng Phòng
2023-12-09 00:36:20 INFO  Log4j:105 - Đăng Nhập Thành Công| MaNV: B002  Vai Trò: Trưởng Phòng
2023-12-09 00:37:12 INFO  Log4j:879 - Nhân Viên: B002  Đã Đặt Phòng110 Thành Công
2023-12-09 00:39:25 INFO  Log4j:105 - Đăng Nhập Thành Công| MaNV: B002  Vai Trò: Trưởng Phòng
2023-12-09 00:40:24 INFO  Log4j:880 - Nhân Viên: B002  Đã Đặt Phòng107 Thành Công
2023-12-09 00:41:28 INFO  Log4j:105 - Đăng Nhập Thành Công| MaNV: B002  Vai Trò: Trưởng Phòng
2023-12-09 00:41:54 INFO  Log4j:105 - Đăng Nhập Thành Công| MaNV: B002  Vai Trò: Trưởng Phòng
2023-12-09 00:42:32 INFO  Log4j:105 - Đăng Nhập Thành Công| MaNV: B002  Vai Trò: Trưởng Phòng
2023-12-09 00:43:07 INFO  Log4j:105 - Đăng Nhập Thành Công| MaNV: B002  Vai Trò: Trưởng Phòng
2023-12-09 00:43:59 INFO  Log4j:105 - Đăng Nhập Thành Công| MaNV: B002  Vai Trò: Trưởng Phòng
2023-12-09 00:44:54 INFO  Log4j:1040 - Nhân Viên: B002  Đã Sửa Phòng111 Thành Công
2023-12-09 00:46:14 INFO  Log4j:105 - Đăng Nhập Thành Công| MaNV: B002  Vai Trò: Trưởng Phòng
2023-12-09 00:50:02 INFO  Log4j:1040 - Nhân Viên: B002  Đã Sửa Phòng111 Thành Công
2023-12-09 00:51:18 INFO  Log4j:105 - Đăng Nhập Thành Công| MaNV: B002  Vai Trò: Trưởng Phòng
2023-12-09 00:52:47 INFO  Log4j:105 - Đăng Nhập Thành Công| MaNV: B002  Vai Trò: Trưởng Phòng
2023-12-09 00:53:46 INFO  Log4j:1040 - Nhân Viên: B002  Đã Sửa Phòng111 Thành Công
2023-12-09 00:54:51 INFO  Log4j:880 - Nhân Viên: B002  Đã Đặt Phòng202 Thành Công
2023-12-09 00:58:10 INFO  Log4j:105 - Đăng Nhập Thành Công| MaNV: B002  Vai Trò: Trưởng Phòng
2023-12-09 00:59:48 INFO  Log4j:105 - Đăng Nhập Thành Công| MaNV: B002  Vai Trò: Trưởng Phòng
2023-12-09 01:01:41 INFO  Log4j:105 - Đăng Nhập Thành Công| MaNV: B002  Vai Trò: Trưởng Phòng
2023-12-09 01:02:01 INFO  Log4j:1040 - Nhân Viên: B002  Đã Sửa Phòng109 Thành Công
2023-12-09 01:02:24 INFO  Log4j:1040 - Nhân Viên: B002  Đã Sửa Phòng109 Thành Công
2023-12-09 01:02:46 INFO  Log4j:1040 - Nhân Viên: B002  Đã Sửa Phòng109 Thành Công
2023-12-09 01:02:58 INFO  Log4j:1040 - Nhân Viên: B002  Đã Sửa Phòng109 Thành Công
2023-12-09 01:11:06 INFO  Log4j:105 - Đăng Nhập Thành Công| MaNV: B002  Vai Trò: Trưởng Phòng
2023-12-09 01:13:27 INFO  Log4j:105 - Đăng Nhập Thành Công| MaNV: B002  Vai Trò: Trưởng Phòng
2023-12-09 12:05:24 INFO  Log4j:105 - Đăng Nhập Thành Công| MaNV: B002  Vai Trò: Trưởng Phòng
2023-12-09 12:29:53 INFO  Log4j:105 - Đăng Nhập Thành Công| MaNV: kkq   Vai Trò: Nhân Viên
2023-12-09 12:34:15 INFO  Log4j:105 - Đăng Nhập Thành Công| MaNV: B002  Vai Trò: Trưởng Phòng
2023-12-09 12:45:22 INFO  Log4j:105 - Đăng Nhập Thành Công| MaNV: B002  Vai Trò: Trưởng Phòng
2023-12-09 12:48:54 INFO  Log4j:105 - Đăng Nhập Thành Công| MaNV: B002  Vai Trò: Trưởng Phòng
2023-12-09 12:55:09 INFO  Log4j:105 - Đăng Nhập Thành Công| MaNV: B002  Vai Trò: Trưởng Phòng
2023-12-09 12:59:30 INFO  Log4j:112 - Đăng Nhập Thành Công| MaNV: B002  Vai Trò: Trưởng Phòng
2023-12-09 13:00:52 INFO  Log4j:112 - Đăng Nhập Thành Công| MaNV: B002  Vai Trò: Trưởng Phòng
2023-12-09 13:02:13 INFO  Log4j:112 - Đăng Nhập Thành Công| MaNV: B002  Vai Trò: Trưởng Phòng
2023-12-09 13:02:55 INFO  Log4j:112 - Đăng Nhập Thành Công| MaNV: B002  Vai Trò: Trưởng Phòng
2023-12-09 13:05:28 INFO  Log4j:112 - Đăng Nhập Thành Công| MaNV: B002  Vai Trò: Trưởng Phòng
2023-12-09 13:08:20 INFO  Log4j:112 - Đăng Nhập Thành Công| MaNV: B002  Vai Trò: Trưởng Phòng
2023-12-09 13:09:53 INFO  Log4j:112 - Đăng Nhập Thành Công| MaNV: B002  Vai Trò: Trưởng Phòng
2023-12-09 13:10:31 INFO  Log4j:689 - Nhân Viên: null Đã xuất in hóa đơn phòng: 111
2023-12-09 13:13:16 INFO  Log4j:112 - Đăng Nhập Thành Công| MaNV: B002  Vai Trò: Trưởng Phòng
2023-12-09 13:13:35 INFO  Log4j:689 - Nhân Viên: null Đã xuất in hóa đơn phòng: 109
2023-12-09 13:14:44 INFO  Log4j:112 - Đăng Nhập Thành Công| MaNV: B002  Vai Trò: Trưởng Phòng
2023-12-09 13:14:59 INFO  Log4j:689 - Nhân Viên: null Đã xuất in hóa đơn phòng: 109
2023-12-09 13:19:09 INFO  Log4j:112 - Đăng Nhập Thành Công| MaNV: B002  Vai Trò: Trưởng Phòng
2023-12-09 13:19:23 INFO  Log4j:689 - Nhân Viên: null Đã xuất in hóa đơn phòng: 109
2023-12-09 13:21:00 INFO  Log4j:112 - Đăng Nhập Thành Công| MaNV: B002  Vai Trò: Trưởng Phòng
2023-12-09 13:21:15 INFO  Log4j:689 - Nhân Viên: null Đã xuất in hóa đơn phòng: 109
2023-12-09 13:22:14 INFO  Log4j:112 - Đăng Nhập Thành Công| MaNV: B002  Vai Trò: Trưởng Phòng
2023-12-09 13:23:08 INFO  Log4j:112 - Đăng Nhập Thành Công| MaNV: B002  Vai Trò: Trưởng Phòng
2023-12-09 13:23:27 INFO  Log4j:689 - Nhân Viên: null Đã xuất in hóa đơn phòng: 109
2023-12-09 13:34:22 INFO  Log4j:112 - Đăng Nhập Thành Công| MaNV: B002  Vai Trò: Trưởng Phòng
2023-12-09 13:34:40 INFO  Log4j:691 - Nhân Viên: null Đã xuất in hóa đơn phòng: 109
2023-12-09 13:35:43 INFO  Log4j:112 - Đăng Nhập Thành Công| MaNV: B002  Vai Trò: Trưởng Phòng
2023-12-09 13:35:56 INFO  Log4j:1040 - Nhân Viên: B002  Đã Sửa Phòng 109 Thành Công
2023-12-09 13:36:50 INFO  Log4j:112 - Đăng Nhập Thành Công| MaNV: B002  Vai Trò: Trưởng Phòng
2023-12-09 13:37:14 INFO  Log4j:1040 - Nhân Viên: B002  Đã Sửa Phòng 109 Thành Công
2023-12-09 13:37:45 INFO  Log4j:691 - Nhân Viên: null Đã xuất in hóa đơn phòng: 109
2023-12-09 13:39:04 INFO  Log4j:112 - Đăng Nhập Thành Công| MaNV: B002  Vai Trò: Trưởng Phòng
2023-12-09 13:40:39 INFO  Log4j:112 - Đăng Nhập Thành Công| MaNV: B002  Vai Trò: Trưởng Phòng
2023-12-09 13:50:37 INFO  Log4j:112 - Đăng Nhập Thành Công| MaNV: B002  Vai Trò: Trưởng Phòng
2023-12-09 13:50:52 INFO  Log4j:691 - Nhân Viên: null Đã xuất in hóa đơn phòng: 103
2023-12-09 13:51:09 INFO  Log4j:691 - Nhân Viên: null Đã xuất in hóa đơn phòng: 202
2023-12-09 13:54:09 INFO  Log4j:112 - Đăng Nhập Thành Công| MaNV: B002  Vai Trò: Trưởng Phòng
2023-12-09 13:56:46 INFO  Log4j:880 - Nhân Viên: B002  Đã Đặt Phòng101 Thành Công
2023-12-09 13:57:52 INFO  Log4j:112 - Đăng Nhập Thành Công| MaNV: B002  Vai Trò: Trưởng Phòng
2023-12-09 13:59:20 INFO  Log4j:112 - Đăng Nhập Thành Công| MaNV: B002  Vai Trò: Trưởng Phòng
2023-12-09 13:59:38 INFO  Log4j:112 - Đăng Nhập Thành Công| MaNV: B002  Vai Trò: Trưởng Phòng
2023-12-09 14:06:36 INFO  Log4j:112 - Đăng Nhập Thành Công| MaNV: B002  Vai Trò: Trưởng Phòng
2023-12-09 14:10:52 INFO  Log4j:112 - Đăng Nhập Thành Công| MaNV: B003  Vai Trò: Trưởng Phòng
2023-12-09 14:13:22 INFO  Log4j:112 - Đăng Nhập Thành Công| MaNV: B003  Vai Trò: Trưởng Phòng
2023-12-09 14:14:06 INFO  Log4j:112 - Đăng Nhập Thành Công| MaNV: B003  Vai Trò: Trưởng Phòng
2023-12-09 14:29:15 INFO  Log4j:112 - Đăng Nhập Thành Công| MaNV: B003  Vai Trò: Trưởng Phòng
2023-12-09 14:30:06 INFO  Log4j:1040 - Nhân Viên: B003  Đã Sửa Phòng 107 Thành Công
2023-12-09 14:30:54 INFO  Log4j:880 - Nhân Viên: B003  Đã Đặt Phòng107 Thành Công
2023-12-09 14:31:20 INFO  Log4j:691 - Nhân Viên: null Đã xuất in hóa đơn phòng: 107
2023-12-09 14:31:33 INFO  Log4j:112 - Đăng Nhập Thành Công| MaNV: B003  Vai Trò: Trưởng Phòng
2023-12-09 14:35:27 INFO  Log4j:112 - Đăng Nhập Thành Công| MaNV: B003  Vai Trò: Trưởng Phòng
2023-12-09 14:36:34 INFO  Log4j:1040 - Nhân Viên: B003  Đã Sửa Phòng 104 Thành Công
2023-12-09 14:37:13 INFO  Log4j:880 - Nhân Viên: B003  Đã Đặt Phòng108 Thành Công
2023-12-09 14:37:32 INFO  Log4j:691 - Nhân Viên: null Đã xuất in hóa đơn phòng: 108
2023-12-09 14:41:42 INFO  Log4j:112 - Đăng Nhập Thành Công| MaNV: B003  Vai Trò: Trưởng Phòng
2023-12-09 14:42:23 INFO  Log4j:880 - Nhân Viên: B003  Đã Đặt Phòng109 Thành Công
2023-12-09 14:45:45 INFO  Log4j:112 - Đăng Nhập Thành Công| MaNV: B003  Vai Trò: Trưởng Phòng
2023-12-09 14:54:42 INFO  Log4j:112 - Đăng Nhập Thành Công| MaNV: B003  Vai Trò: Trưởng Phòng
2023-12-09 14:57:18 INFO  Log4j:880 - Nhân Viên: B003  Đã Đặt Phòng204 Thành Công
2023-12-09 14:58:14 INFO  Log4j:1040 - Nhân Viên: B003  Đã Sửa Phòng 205 Thành Công
2023-12-09 14:59:35 INFO  Log4j:691 - Nhân Viên: null Đã xuất in hóa đơn phòng: 205
2023-12-09 15:01:31 INFO  Log4j:632 - Nhân Viên: null Đã xuất file PDF doanh thu
2023-12-10 20:01:26 INFO  Log4j:112 - Đăng Nhập Thành Công| MaNV: B003  Vai Trò: Trưởng Phòng
2023-12-10 20:03:48 INFO  Log4j:112 - Đăng Nhập Thành Công| MaNV: B003  Vai Trò: Trưởng Phòng
2023-12-10 20:05:53 INFO  Log4j:112 - Đăng Nhập Thành Công| MaNV: B003  Vai Trò: Trưởng Phòng
